<?xml version="1.0" encoding="UTF-8"?>
<!-- Generated by org.testng.reporters.JUnitReportReporter -->
<testsuite hostname="DESKTOP-9S1OJUV" name="com.flipkart.testscripts.AddProduct" tests="1" failures="0" timestamp="6 Apr 2020 19:12:59 GMT" time="26.051" errors="0">
  <testcase name="addProductTest" time="26.051" classname="com.flipkart.testscripts.AddProduct"/>
</testsuite> <!-- com.flipkart.testscripts.AddProduct -->
